<?xml version="1.0" encoding="UTF-8"?>
<testng-results skipped="0" failed="0" ignored="0" total="1" passed="1">
  <reporter-output>
  </reporter-output>
  <suite name="Default suite" duration-ms="3621" started-at="2020-03-27T07:41:05Z" finished-at="2020-03-27T07:41:08Z">
    <groups>
    </groups>
    <test name="Default test" duration-ms="3621" started-at="2020-03-27T07:41:05Z" finished-at="2020-03-27T07:41:08Z">
      <class name="Rest_Assured_Detail_Project.Rest_Assured_Detail_Project.testGetREquest">
        <test-method status="PASS" signature="testGetReq()[pri:0, instance:Rest_Assured_Detail_Project.Rest_Assured_Detail_Project.testGetREquest@28feb3fa]" name="testGetReq" duration-ms="3573" started-at="2020-03-27T07:41:05Z" finished-at="2020-03-27T07:41:08Z">
          <reporter-output>
          </reporter-output>
        </test-method> <!-- testGetReq -->
      </class> <!-- Rest_Assured_Detail_Project.Rest_Assured_Detail_Project.testGetREquest -->
    </test> <!-- Default test -->
  </suite> <!-- Default suite -->
</testng-results>
